<?xml version="1.0" encoding="utf-8"?>
<CoverageSession>
  <Modules>
    <Module>
      <Files>
        <File uid="1" fullPath="tests/CoverageChecker.Tests.EndToEnd/CoverageFiles/OpenCoverFormat/file-1.cs" />
      </Files>
      <Classes>
        <Class>
          <FullName>CoverageChecker.Tests.BranchTotalsIgnored</FullName>
          <Methods>
            <Method>
              <Name>System.Void CoverageChecker.Tests.BranchTotalsIgnored::Decide()</Name>
              <BranchPoints>
                <BranchPoint vc="1" uspid="1" ordinal="0" offset="0" sl="45" fileid="1" path="0" />
                <BranchPoint vc="0" uspid="2" ordinal="1" offset="0" sl="45" fileid="1" path="1" />
              </BranchPoints>
              <SequencePoints>
                <SequencePoint vc="1" uspid="3" ordinal="0" offset="0" sl="45" bec="4" bev="4" fileid="1" />
              </SequencePoints>
            </Method>
          </Methods>
        </Class>
      </Classes>
    </Module>
  </Modules>
</CoverageSession>
