<?xml version="1.0" encoding="utf-8"?>
<CoverageSession>
  <Summary numSequencePoints="2" visitedSequencePoints="2" numBranchPoints="2" visitedBranchPoints="1" sequenceCoverage="100" branchCoverage="50" />
  <Modules>
    <Module>
      <Files>
        <File uid="1" fullPath="tests/CoverageChecker.Tests.EndToEnd/CoverageFiles/OpenCoverFormat/file-1.cs" />
      </Files>
      <Classes>
        <Class>
          <FullName>CoverageChecker.Tests.FileRefBranches</FullName>
          <Methods>
            <Method>
              <Name>System.Void CoverageChecker.Tests.FileRefBranches::Decide()</Name>
              <FileRef uid="1" />
              <SequencePoints>
                <SequencePoint vc="1" uspid="1" ordinal="0" offset="0" sl="30" sc="1" el="30" ec="2" />
                <SequencePoint vc="1" uspid="2" ordinal="1" offset="10" sl="31" sc="1" el="31" ec="20" />
              </SequencePoints>
              <BranchPoints>
                <BranchPoint vc="1" uspid="3" ordinal="0" offset="12" path="0" />
                <BranchPoint vc="0" uspid="4" ordinal="1" offset="12" path="1" />
              </BranchPoints>
            </Method>
          </Methods>
        </Class>
      </Classes>
    </Module>
  </Modules>
</CoverageSession>
