<?xml version="1.0" encoding="utf-8"?>
<CoverageSession>
  <Modules>
    <Module>
      <Files>
        <File uid="1" fullPath="tests/CoverageChecker.Tests.EndToEnd/CoverageFiles/OpenCover/file-1.cs" />
      </Files>
      <Classes>
        <Class>
          <FullName>CoverageChecker.Tests.Empty</FullName>
          <Methods>
            <Method>
              <Name>System.Void CoverageChecker.Tests.Empty::NoPoints()</Name>
              <SequencePoints />
            </Method>
          </Methods>
        </Class>
      </Classes>
    </Module>
  </Modules>
</CoverageSession>
