<?xml version="1.0" encoding="utf-8"?>
<CoverageSession>
  <Modules>
    <Module>
      <Files>
        <File uid="1" fullPath="tests/CoverageChecker.Tests.EndToEnd/CoverageFiles/OpenCoverFormat/file-1.cs" />
      </Files>
      <Classes>
        <Class>
          <FullName>CoverageChecker.Tests.UnmatchedBranch</FullName>
          <Methods>
            <Method>
              <Name>System.Void CoverageChecker.Tests.UnmatchedBranch::BranchBeforeSequence()</Name>
              <FileRef uid="1" />
              <BranchPoints>
                <BranchPoint vc="1" uspid="1" ordinal="0" offset="1" path="0" />
              </BranchPoints>
              <SequencePoints>
                <SequencePoint vc="1" uspid="2" ordinal="0" offset="10" sl="50" />
              </SequencePoints>
            </Method>
          </Methods>
        </Class>
      </Classes>
    </Module>
  </Modules>
</CoverageSession>
